CRITICAL - 2024-01-13 19:04:42 --> Error: Call to undefined method CodeIgniter\View\View::extends()
in APPPATH\Views\admin\dashboard\index.php on line 1.
 1 SYSTEMPATH\View\View.php(228): include()
 2 SYSTEMPATH\View\View.php(231): CodeIgniter\View\View->CodeIgniter\View\{closure}()
 3 SYSTEMPATH\Common.php(1178): CodeIgniter\View\View->render('admin/dashboard/index', [], true)
 4 APPPATH\Controllers\Admin\DashboardController.php(11): view('admin/dashboard/index')
 5 SYSTEMPATH\CodeIgniter.php(941): App\Controllers\Admin\DashboardController->index()
 6 SYSTEMPATH\CodeIgniter.php(502): CodeIgniter\CodeIgniter->runController(Object(App\Controllers\Admin\DashboardController))
 7 SYSTEMPATH\CodeIgniter.php(361): CodeIgniter\CodeIgniter->handleRequest(null, Object(Config\Cache), false)
 8 FCPATH\index.php(79): CodeIgniter\CodeIgniter->run()
CRITICAL - 2024-01-13 19:28:24 --> CodeIgniter\View\Exceptions\ViewException: Invalid file: "admin/laysout/navbar.php"
in SYSTEMPATH\Exceptions\FrameworkException.php on line 39.
 1 SYSTEMPATH\View\View.php(216): CodeIgniter\Exceptions\FrameworkException::forInvalidFile('admin/laysout/navbar.php')
 2 SYSTEMPATH\View\View.php(469): CodeIgniter\View\View->render('admin/laysout/navbar', null, true)
 3 APPPATH\Views\admin\layout\template.php(42): CodeIgniter\View\View->include('admin/laysout/navbar')
 4 SYSTEMPATH\View\View.php(228): include('D:\\www\\htdocs\\portal_revistas\\app\\Views\\admin\\layout\\template.php')
 5 SYSTEMPATH\View\View.php(231): CodeIgniter\View\View->CodeIgniter\View\{closure}()
 6 SYSTEMPATH\View\View.php(244): CodeIgniter\View\View->render('admin/layout/template', [], true)
 7 SYSTEMPATH\Common.php(1178): CodeIgniter\View\View->render('admin/product/index', [], true)
 8 APPPATH\Controllers\Admin\ProductController.php(11): view('admin/product/index')
 9 SYSTEMPATH\CodeIgniter.php(941): App\Controllers\Admin\ProductController->index()
10 SYSTEMPATH\CodeIgniter.php(502): CodeIgniter\CodeIgniter->runController(Object(App\Controllers\Admin\ProductController))
11 SYSTEMPATH\CodeIgniter.php(361): CodeIgniter\CodeIgniter->handleRequest(null, Object(Config\Cache), false)
12 FCPATH\index.php(79): CodeIgniter\CodeIgniter->run()
CRITICAL - 2024-01-13 20:22:07 --> CodeIgniter\View\Exceptions\ViewException: Invalid file: "header.php"
in SYSTEMPATH\Exceptions\FrameworkException.php on line 39.
 1 SYSTEMPATH\View\View.php(216): CodeIgniter\Exceptions\FrameworkException::forInvalidFile('header.php')
 2 SYSTEMPATH\Common.php(1178): CodeIgniter\View\View->render('header', [], true)
 3 APPPATH\Controllers\Admin\DashboardController.php(15): view('header')
 4 SYSTEMPATH\CodeIgniter.php(941): App\Controllers\Admin\DashboardController->index()
 5 SYSTEMPATH\CodeIgniter.php(502): CodeIgniter\CodeIgniter->runController(Object(App\Controllers\Admin\DashboardController))
 6 SYSTEMPATH\CodeIgniter.php(361): CodeIgniter\CodeIgniter->handleRequest(null, Object(Config\Cache), false)
 7 FCPATH\index.php(79): CodeIgniter\CodeIgniter->run()
CRITICAL - 2024-01-13 20:22:43 --> CodeIgniter\View\Exceptions\ViewException: Invalid file: "footer.php"
in SYSTEMPATH\Exceptions\FrameworkException.php on line 39.
 1 SYSTEMPATH\View\View.php(216): CodeIgniter\Exceptions\FrameworkException::forInvalidFile('footer.php')
 2 SYSTEMPATH\Common.php(1178): CodeIgniter\View\View->render('footer', [], true)
 3 APPPATH\Controllers\Admin\DashboardController.php(17): view('footer')
 4 SYSTEMPATH\CodeIgniter.php(941): App\Controllers\Admin\DashboardController->index()
 5 SYSTEMPATH\CodeIgniter.php(502): CodeIgniter\CodeIgniter->runController(Object(App\Controllers\Admin\DashboardController))
 6 SYSTEMPATH\CodeIgniter.php(361): CodeIgniter\CodeIgniter->handleRequest(null, Object(Config\Cache), false)
 7 FCPATH\index.php(79): CodeIgniter\CodeIgniter->run()
CRITICAL - 2024-01-13 20:22:51 --> TypeError: App\Controllers\Admin\DashboardController::index(): Return value must be of type string, none returned
in APPPATH\Controllers\Admin\DashboardController.php on line 18.
 1 SYSTEMPATH\CodeIgniter.php(941): App\Controllers\Admin\DashboardController->index()
 2 SYSTEMPATH\CodeIgniter.php(502): CodeIgniter\CodeIgniter->runController(Object(App\Controllers\Admin\DashboardController))
 3 SYSTEMPATH\CodeIgniter.php(361): CodeIgniter\CodeIgniter->handleRequest(null, Object(Config\Cache), false)
 4 FCPATH\index.php(79): CodeIgniter\CodeIgniter->run()
CRITICAL - 2024-01-13 20:23:22 --> TypeError: App\Controllers\Admin\DashboardController::index(): Return value must be of type string, none returned
in APPPATH\Controllers\Admin\DashboardController.php on line 14.
 1 SYSTEMPATH\CodeIgniter.php(941): App\Controllers\Admin\DashboardController->index()
 2 SYSTEMPATH\CodeIgniter.php(502): CodeIgniter\CodeIgniter->runController(Object(App\Controllers\Admin\DashboardController))
 3 SYSTEMPATH\CodeIgniter.php(361): CodeIgniter\CodeIgniter->handleRequest(null, Object(Config\Cache), false)
 4 FCPATH\index.php(79): CodeIgniter\CodeIgniter->run()
CRITICAL - 2024-01-13 20:30:15 --> CodeIgniter\View\Exceptions\ViewException: Invalid file: "admin/dashboard/header.php"
in SYSTEMPATH\Exceptions\FrameworkException.php on line 39.
 1 SYSTEMPATH\View\View.php(216): CodeIgniter\Exceptions\FrameworkException::forInvalidFile('admin/dashboard/header.php')
 2 SYSTEMPATH\View\View.php(469): CodeIgniter\View\View->render('admin/dashboard/header', null, true)
 3 APPPATH\Views\admin\dashboard\index.php(1): CodeIgniter\View\View->include('admin/dashboard/header')
 4 SYSTEMPATH\View\View.php(228): include('D:\\www\\htdocs\\portal_revistas\\app\\Views\\admin\\dashboard\\index.php')
 5 SYSTEMPATH\View\View.php(231): CodeIgniter\View\View->CodeIgniter\View\{closure}()
 6 SYSTEMPATH\Common.php(1178): CodeIgniter\View\View->render('admin/dashboard/index', [], true)
 7 APPPATH\Controllers\Admin\DashboardController.php(15): view('admin/dashboard/index', [...])
 8 SYSTEMPATH\CodeIgniter.php(941): App\Controllers\Admin\DashboardController->index()
 9 SYSTEMPATH\CodeIgniter.php(502): CodeIgniter\CodeIgniter->runController(Object(App\Controllers\Admin\DashboardController))
10 SYSTEMPATH\CodeIgniter.php(361): CodeIgniter\CodeIgniter->handleRequest(null, Object(Config\Cache), false)
11 FCPATH\index.php(79): CodeIgniter\CodeIgniter->run()
CRITICAL - 2024-01-13 22:37:18 --> CodeIgniter\View\Exceptions\ViewException: Invalid file: "revistas/layout/navbar.php"
in SYSTEMPATH\Exceptions\FrameworkException.php on line 39.
 1 SYSTEMPATH\View\View.php(216): CodeIgniter\Exceptions\FrameworkException::forInvalidFile('revistas/layout/navbar.php')
 2 SYSTEMPATH\View\View.php(469): CodeIgniter\View\View->render('revistas/layout/navbar', null, true)
 3 APPPATH\Views\layout\header.php(30): CodeIgniter\View\View->include('revistas/layout/navbar')
 4 SYSTEMPATH\View\View.php(228): include('D:\\www\\htdocs\\portal_revistas\\app\\Views\\layout\\header.php')
 5 SYSTEMPATH\View\View.php(231): CodeIgniter\View\View->CodeIgniter\View\{closure}()
 6 SYSTEMPATH\View\View.php(244): CodeIgniter\View\View->render('layout\\header', [], true)
 7 SYSTEMPATH\Common.php(1178): CodeIgniter\View\View->render('revistas', [], true)
 8 APPPATH\Controllers\RevistasController.php(12): view('revistas')
 9 SYSTEMPATH\CodeIgniter.php(941): App\Controllers\RevistasController->index()
10 SYSTEMPATH\CodeIgniter.php(502): CodeIgniter\CodeIgniter->runController(Object(App\Controllers\RevistasController))
11 SYSTEMPATH\CodeIgniter.php(361): CodeIgniter\CodeIgniter->handleRequest(null, Object(Config\Cache), false)
12 FCPATH\index.php(79): CodeIgniter\CodeIgniter->run()
CRITICAL - 2024-01-13 22:37:20 --> CodeIgniter\View\Exceptions\ViewException: Invalid file: "revistas/layout/navbar.php"
in SYSTEMPATH\Exceptions\FrameworkException.php on line 39.
 1 SYSTEMPATH\View\View.php(216): CodeIgniter\Exceptions\FrameworkException::forInvalidFile('revistas/layout/navbar.php')
 2 SYSTEMPATH\View\View.php(469): CodeIgniter\View\View->render('revistas/layout/navbar', null, true)
 3 APPPATH\Views\layout\header.php(30): CodeIgniter\View\View->include('revistas/layout/navbar')
 4 SYSTEMPATH\View\View.php(228): include('D:\\www\\htdocs\\portal_revistas\\app\\Views\\layout\\header.php')
 5 SYSTEMPATH\View\View.php(231): CodeIgniter\View\View->CodeIgniter\View\{closure}()
 6 SYSTEMPATH\View\View.php(244): CodeIgniter\View\View->render('layout\\header', [], true)
 7 SYSTEMPATH\Common.php(1178): CodeIgniter\View\View->render('revistas', [], true)
 8 APPPATH\Controllers\RevistasController.php(12): view('revistas')
 9 SYSTEMPATH\CodeIgniter.php(941): App\Controllers\RevistasController->index()
10 SYSTEMPATH\CodeIgniter.php(502): CodeIgniter\CodeIgniter->runController(Object(App\Controllers\RevistasController))
11 SYSTEMPATH\CodeIgniter.php(361): CodeIgniter\CodeIgniter->handleRequest(null, Object(Config\Cache), false)
12 FCPATH\index.php(79): CodeIgniter\CodeIgniter->run()
CRITICAL - 2024-01-13 22:38:51 --> CodeIgniter\View\Exceptions\ViewException: Invalid file: "product.php"
in SYSTEMPATH\Exceptions\FrameworkException.php on line 39.
 1 SYSTEMPATH\View\View.php(216): CodeIgniter\Exceptions\FrameworkException::forInvalidFile('product.php')
 2 SYSTEMPATH\Common.php(1178): CodeIgniter\View\View->render('product', [], true)
 3 APPPATH\Controllers\Admin\ProductController.php(11): view('product')
 4 SYSTEMPATH\CodeIgniter.php(941): App\Controllers\Admin\ProductController->index()
 5 SYSTEMPATH\CodeIgniter.php(502): CodeIgniter\CodeIgniter->runController(Object(App\Controllers\Admin\ProductController))
 6 SYSTEMPATH\CodeIgniter.php(361): CodeIgniter\CodeIgniter->handleRequest(null, Object(Config\Cache), false)
 7 FCPATH\index.php(79): CodeIgniter\CodeIgniter->run()
CRITICAL - 2024-01-13 22:43:32 --> CodeIgniter\View\Exceptions\ViewException: Invalid file: "product.php"
in SYSTEMPATH\Exceptions\FrameworkException.php on line 39.
 1 SYSTEMPATH\View\View.php(216): CodeIgniter\Exceptions\FrameworkException::forInvalidFile('product.php')
 2 SYSTEMPATH\Common.php(1178): CodeIgniter\View\View->render('product', [], true)
 3 APPPATH\Controllers\Admin\ProductController.php(11): view('product')
 4 SYSTEMPATH\CodeIgniter.php(941): App\Controllers\Admin\ProductController->index()
 5 SYSTEMPATH\CodeIgniter.php(502): CodeIgniter\CodeIgniter->runController(Object(App\Controllers\Admin\ProductController))
 6 SYSTEMPATH\CodeIgniter.php(361): CodeIgniter\CodeIgniter->handleRequest(null, Object(Config\Cache), false)
 7 FCPATH\index.php(79): CodeIgniter\CodeIgniter->run()
CRITICAL - 2024-01-13 22:43:32 --> CodeIgniter\View\Exceptions\ViewException: Invalid file: "product.php"
in SYSTEMPATH\Exceptions\FrameworkException.php on line 39.
 1 SYSTEMPATH\View\View.php(216): CodeIgniter\Exceptions\FrameworkException::forInvalidFile('product.php')
 2 SYSTEMPATH\Common.php(1178): CodeIgniter\View\View->render('product', [], true)
 3 APPPATH\Controllers\Admin\ProductController.php(11): view('product')
 4 SYSTEMPATH\CodeIgniter.php(941): App\Controllers\Admin\ProductController->index()
 5 SYSTEMPATH\CodeIgniter.php(502): CodeIgniter\CodeIgniter->runController(Object(App\Controllers\Admin\ProductController))
 6 SYSTEMPATH\CodeIgniter.php(361): CodeIgniter\CodeIgniter->handleRequest(null, Object(Config\Cache), false)
 7 FCPATH\index.php(79): CodeIgniter\CodeIgniter->run()
CRITICAL - 2024-01-13 22:43:32 --> CodeIgniter\View\Exceptions\ViewException: Invalid file: "product.php"
in SYSTEMPATH\Exceptions\FrameworkException.php on line 39.
 1 SYSTEMPATH\View\View.php(216): CodeIgniter\Exceptions\FrameworkException::forInvalidFile('product.php')
 2 SYSTEMPATH\Common.php(1178): CodeIgniter\View\View->render('product', [], true)
 3 APPPATH\Controllers\Admin\ProductController.php(11): view('product')
 4 SYSTEMPATH\CodeIgniter.php(941): App\Controllers\Admin\ProductController->index()
 5 SYSTEMPATH\CodeIgniter.php(502): CodeIgniter\CodeIgniter->runController(Object(App\Controllers\Admin\ProductController))
 6 SYSTEMPATH\CodeIgniter.php(361): CodeIgniter\CodeIgniter->handleRequest(null, Object(Config\Cache), false)
 7 FCPATH\index.php(79): CodeIgniter\CodeIgniter->run()
CRITICAL - 2024-01-13 22:43:33 --> CodeIgniter\View\Exceptions\ViewException: Invalid file: "product.php"
in SYSTEMPATH\Exceptions\FrameworkException.php on line 39.
 1 SYSTEMPATH\View\View.php(216): CodeIgniter\Exceptions\FrameworkException::forInvalidFile('product.php')
 2 SYSTEMPATH\Common.php(1178): CodeIgniter\View\View->render('product', [], true)
 3 APPPATH\Controllers\Admin\ProductController.php(11): view('product')
 4 SYSTEMPATH\CodeIgniter.php(941): App\Controllers\Admin\ProductController->index()
 5 SYSTEMPATH\CodeIgniter.php(502): CodeIgniter\CodeIgniter->runController(Object(App\Controllers\Admin\ProductController))
 6 SYSTEMPATH\CodeIgniter.php(361): CodeIgniter\CodeIgniter->handleRequest(null, Object(Config\Cache), false)
 7 FCPATH\index.php(79): CodeIgniter\CodeIgniter->run()
CRITICAL - 2024-01-13 22:43:33 --> CodeIgniter\View\Exceptions\ViewException: Invalid file: "product.php"
in SYSTEMPATH\Exceptions\FrameworkException.php on line 39.
 1 SYSTEMPATH\View\View.php(216): CodeIgniter\Exceptions\FrameworkException::forInvalidFile('product.php')
 2 SYSTEMPATH\Common.php(1178): CodeIgniter\View\View->render('product', [], true)
 3 APPPATH\Controllers\Admin\ProductController.php(11): view('product')
 4 SYSTEMPATH\CodeIgniter.php(941): App\Controllers\Admin\ProductController->index()
 5 SYSTEMPATH\CodeIgniter.php(502): CodeIgniter\CodeIgniter->runController(Object(App\Controllers\Admin\ProductController))
 6 SYSTEMPATH\CodeIgniter.php(361): CodeIgniter\CodeIgniter->handleRequest(null, Object(Config\Cache), false)
 7 FCPATH\index.php(79): CodeIgniter\CodeIgniter->run()
CRITICAL - 2024-01-13 22:43:33 --> CodeIgniter\View\Exceptions\ViewException: Invalid file: "product.php"
in SYSTEMPATH\Exceptions\FrameworkException.php on line 39.
 1 SYSTEMPATH\View\View.php(216): CodeIgniter\Exceptions\FrameworkException::forInvalidFile('product.php')
 2 SYSTEMPATH\Common.php(1178): CodeIgniter\View\View->render('product', [], true)
 3 APPPATH\Controllers\Admin\ProductController.php(11): view('product')
 4 SYSTEMPATH\CodeIgniter.php(941): App\Controllers\Admin\ProductController->index()
 5 SYSTEMPATH\CodeIgniter.php(502): CodeIgniter\CodeIgniter->runController(Object(App\Controllers\Admin\ProductController))
 6 SYSTEMPATH\CodeIgniter.php(361): CodeIgniter\CodeIgniter->handleRequest(null, Object(Config\Cache), false)
 7 FCPATH\index.php(79): CodeIgniter\CodeIgniter->run()
CRITICAL - 2024-01-13 22:45:41 --> CodeIgniter\View\Exceptions\ViewException: Invalid file: "revistas/layout/navbar.php"
in SYSTEMPATH\Exceptions\FrameworkException.php on line 39.
 1 SYSTEMPATH\View\View.php(216): CodeIgniter\Exceptions\FrameworkException::forInvalidFile('revistas/layout/navbar.php')
 2 SYSTEMPATH\View\View.php(469): CodeIgniter\View\View->render('revistas/layout/navbar', null, true)
 3 APPPATH\Views\layout\header.php(30): CodeIgniter\View\View->include('revistas/layout/navbar')
 4 SYSTEMPATH\View\View.php(228): include('D:\\www\\htdocs\\portal_revistas\\app\\Views\\layout\\header.php')
 5 SYSTEMPATH\View\View.php(231): CodeIgniter\View\View->CodeIgniter\View\{closure}()
 6 SYSTEMPATH\View\View.php(244): CodeIgniter\View\View->render('layout\\header', [], true)
 7 SYSTEMPATH\Common.php(1178): CodeIgniter\View\View->render('revistas', [], true)
 8 APPPATH\Controllers\RevistasController.php(12): view('revistas')
 9 SYSTEMPATH\CodeIgniter.php(941): App\Controllers\RevistasController->index()
10 SYSTEMPATH\CodeIgniter.php(502): CodeIgniter\CodeIgniter->runController(Object(App\Controllers\RevistasController))
11 SYSTEMPATH\CodeIgniter.php(361): CodeIgniter\CodeIgniter->handleRequest(null, Object(Config\Cache), false)
12 FCPATH\index.php(79): CodeIgniter\CodeIgniter->run()
